<?xml version="1.0" encoding="UTF-8"?>
<testsuite name="nfeTest" time="2.248" tests="6" errors="0" skipped="0" failures="1">
  <properties>
[...]
</properties>
  <testcase name="periodoTipoSomatorio" classname="nfeTest" time="2.005"/>
  <testcase name="periodoTipo" classname="nfeTest" time="0.051"/>
  <testcase name="filterChave" classname="nfeTest" time="0.072">
    <failure message="1 expectation failed.&#10;Expected content-type &quot;JSON&quot; doesn&apos;t match actual content-type &quot;&quot;.&#10;" type="java.lang.AssertionError">java.lang.AssertionError: 1 expectation failed.
Expected content-type "JSON" doesn't match actual content-type "".

	at sun.reflect.NativeConstructorAccessorImpl.newInstance0(Native Method)
	at sun.reflect.NativeConstructorAccessorImpl.newInstance(NativeConstructorAccessorImpl.java:62)
	at sun.reflect.DelegatingConstructorAccessorImpl.newInstance(DelegatingConstructorAccessorImpl.java:45)
	at java.lang.reflect.Constructor.newInstance(Constructor.java:423)
	at org.codehaus.groovy.reflection.CachedConstructor.invoke(CachedConstructor.java:83)
	at org.codehaus.groovy.reflection.CachedConstructor.doConstructorInvoke(CachedConstructor.java:77)
	at org.codehaus.groovy.runtime.callsite.ConstructorSite$ConstructorSiteNoUnwrap.callConstructor(ConstructorSite.java:84)
	at org.codehaus.groovy.runtime.callsite.CallSiteArray.defaultCallConstructor(CallSiteArray.java:60)
	at org.codehaus.groovy.runtime.callsite.AbstractCallSite.callConstructor(AbstractCallSite.java:235)
	at org.codehaus.groovy.runtime.callsite.AbstractCallSite.callConstructor(AbstractCallSite.java:247)
	at io.restassured.internal.ResponseSpecificationImpl$HamcrestAssertionClosure.validate(ResponseSpecificationImpl.groovy:451)
	at io.restassured.internal.ResponseSpecificationImpl$HamcrestAssertionClosure$validate$1.call(Unknown Source)
	at io.restassured.internal.ResponseSpecificationImpl.validateResponseIfRequired(ResponseSpecificationImpl.groovy:613)
	at sun.reflect.NativeMethodAccessorImpl.invoke0(Native Method)
	at sun.reflect.NativeMethodAccessorImpl.invoke(NativeMethodAccessorImpl.java:62)
	at sun.reflect.DelegatingMethodAccessorImpl.invoke(DelegatingMethodAccessorImpl.java:43)
	at java.lang.reflect.Method.invoke(Method.java:498)
	at org.codehaus.groovy.runtime.callsite.PogoMetaMethodSite$PogoCachedMethodSiteNoUnwrapNoCoerce.invoke(PogoMetaMethodSite.java:210)
	at org.codehaus.groovy.runtime.callsite.PogoMetaMethodSite.callCurrent(PogoMetaMethodSite.java:59)
	at org.codehaus.groovy.runtime.callsite.AbstractCallSite.callCurrent(AbstractCallSite.java:166)
	at io.restassured.internal.ResponseSpecificationImpl.contentType(ResponseSpecificationImpl.groovy:379)
	at io.restassured.internal.ValidatableResponseOptionsImpl.contentType(ValidatableResponseOptionsImpl.java:244)
	at nfeTest.filterChave(nfeTest.java:76)
</failure>
    <system-out><![CDATA[12:29:21.818 [main] DEBUG org.apache.http.impl.conn.BasicClientConnectionManager - Get connection for route {}->http://localhost:8080
12:29:21.818 [main] DEBUG org.apache.http.impl.conn.DefaultClientConnectionOperator - Connecting to localhost:8080
12:29:21.819 [main] DEBUG org.apache.http.client.protocol.RequestAddCookies - CookieSpec selected: ignoreCookies
12:29:21.819 [main] DEBUG org.apache.http.client.protocol.RequestAuthCache - Auth cache not set in the context
12:29:21.819 [main] DEBUG org.apache.http.client.protocol.RequestTargetAuthentication - Target auth state: UNCHALLENGED
12:29:21.819 [main] DEBUG org.apache.http.client.protocol.RequestProxyAuthentication - Proxy auth state: UNCHALLENGED
12:29:21.819 [main] DEBUG org.apache.http.impl.client.DefaultHttpClient - Attempt 1 to execute request
12:29:21.820 [main] DEBUG org.apache.http.impl.conn.DefaultClientConnection - Sending request: GET /nfe/filter/chave/8.99588614556625E%2B043 HTTP/1.1
12:29:21.820 [main] DEBUG org.apache.http.wire -  >> "GET /nfe/filter/chave/8.99588614556625E%2B043 HTTP/1.1[\r][\n]"
12:29:21.820 [main] DEBUG org.apache.http.wire -  >> "Accept: */*[\r][\n]"
12:29:21.820 [main] DEBUG org.apache.http.wire -  >> "Content-Length: 0[\r][\n]"
12:29:21.820 [main] DEBUG org.apache.http.wire -  >> "Host: localhost:8080[\r][\n]"
12:29:21.820 [main] DEBUG org.apache.http.wire -  >> "Connection: Keep-Alive[\r][\n]"
12:29:21.821 [main] DEBUG org.apache.http.wire -  >> "User-Agent: Apache-HttpClient/4.5.3 (Java/1.8.0_171)[\r][\n]"
12:29:21.821 [main] DEBUG org.apache.http.wire -  >> "Accept-Encoding: gzip,deflate[\r][\n]"
12:29:21.821 [main] DEBUG org.apache.http.wire -  >> "[\r][\n]"
12:29:21.821 [main] DEBUG org.apache.http.headers - >> GET /nfe/filter/chave/8.99588614556625E%2B043 HTTP/1.1
12:29:21.821 [main] DEBUG org.apache.http.headers - >> Accept: */*
12:29:21.821 [main] DEBUG org.apache.http.headers - >> Content-Length: 0
12:29:21.821 [main] DEBUG org.apache.http.headers - >> Host: localhost:8080
12:29:21.821 [main] DEBUG org.apache.http.headers - >> Connection: Keep-Alive
12:29:21.822 [main] DEBUG org.apache.http.headers - >> User-Agent: Apache-HttpClient/4.5.3 (Java/1.8.0_171)
12:29:21.822 [main] DEBUG org.apache.http.headers - >> Accept-Encoding: gzip,deflate
12:29:21.834 [main] DEBUG org.apache.http.wire -  << "HTTP/1.1 200 [\r][\n]"
12:29:21.835 [main] DEBUG org.apache.http.wire -  << "Content-Length: 0[\r][\n]"
12:29:21.835 [main] DEBUG org.apache.http.wire -  << "Date: Sat, 20 Apr 2019 15:29:21 GMT[\r][\n]"
12:29:21.835 [main] DEBUG org.apache.http.wire -  << "[\r][\n]"
12:29:21.835 [main] DEBUG org.apache.http.impl.conn.DefaultClientConnection - Receiving response: HTTP/1.1 200 
12:29:21.836 [main] DEBUG org.apache.http.headers - << HTTP/1.1 200 
12:29:21.837 [main] DEBUG org.apache.http.headers - << Content-Length: 0
12:29:21.838 [main] DEBUG org.apache.http.headers - << Date: Sat, 20 Apr 2019 15:29:21 GMT
12:29:21.838 [main] DEBUG org.apache.http.impl.client.DefaultHttpClient - Connection can be kept alive indefinitely
]]></system-out>
  </testcase>
  <testcase name="filterDoc" classname="nfeTest" time="0.046"/>
  <testcase name="findAll" classname="nfeTest" time="0.033"/>
  <testcase name="filterStatus" classname="nfeTest" time="0.041"/>
</testsuite>